<?xml version="1.0" encoding="UTF-8"?>
<!-- Generated by org.testng.reporters.JUnitReportReporter -->
<testsuite hostname="LTIN508071" failures="0" tests="1" name="TestNG_TestCases.homepageTest" time="31.765" errors="0" timestamp="2024-04-17T15:38:36 IST" skipped="0">
  <testcase classname="TestNG_TestCases.homepageTest" name="test1" time="31.765"/>
</testsuite> <!-- TestNG_TestCases.homepageTest -->
