<?xml version="1.0" encoding="UTF-8"?>
<!-- Generated by org.testng.reporters.JUnitReportReporter -->
<testsuite hostname="LTIN508071" failures="0" tests="4" name="testRunner.testrunner" time="52.909" errors="0" timestamp="2024-04-18T17:28:02 IST" skipped="0">
  <testcase classname="testRunner.testrunner" name="runScenario" time="11.748"/>
  <testcase classname="testRunner.testrunner" name="runScenario" time="11.465"/>
  <testcase classname="testRunner.testrunner" name="runScenario" time="22.733"/>
  <testcase classname="testRunner.testrunner" name="runScenario" time="6.963"/>
</testsuite> <!-- testRunner.testrunner -->
